Mon 28 Oct 2024 00:56:39 INFO  ['run_baseline.py', '-m', 'SASRec', '-d', 'Pantry', '--config_files=props/finetune.yaml', '--hidden_size=30']
Mon 28 Oct 2024 00:56:39 INFO  
General Hyper Parameters:
gpu_id = 0
use_gpu = True
seed = 2020
state = INFO
reproducibility = True
data_path = dataset/downstream/Pantry
checkpoint_dir = saved
show_progress = True
save_dataset = False
dataset_save_path = None
save_dataloaders = False
dataloaders_save_path = None
log_wandb = False

Training Hyper Parameters:
epochs = 300
train_batch_size = 2048
learner = adam
learning_rate = 0.001
train_neg_sample_args = {'distribution': 'none', 'sample_num': 'none', 'alpha': 'none', 'dynamic': False, 'candidate_num': 0}
eval_step = 1
stopping_step = 10
clip_grad_norm = None
weight_decay = 0.0
loss_decimal_place = 4

Evaluation Hyper Parameters:
eval_args = {'split': {'LS': 'valid_and_test'}, 'order': 'TO', 'group_by': 'user', 'mode': {'valid': 'full', 'test': 'full'}}
repeatable = True
metrics = ['HIT', 'NDCG']
topk = [10, 50]
valid_metric = NDCG@10
valid_metric_bigger = True
eval_batch_size = 2048
metric_decimal_place = 4

Dataset Hyper Parameters:
field_separator = 	
seq_separator =  
USER_ID_FIELD = user_id
ITEM_ID_FIELD = item_id
RATING_FIELD = rating
TIME_FIELD = timestamp
seq_len = None
LABEL_FIELD = label
threshold = None
NEG_PREFIX = neg_
load_col = {'inter': ['user_id', 'item_id_list', 'item_id']}
unload_col = None
unused_col = None
additional_feat_suffix = None
rm_dup_inter = None
val_interval = None
filter_inter_by_user_or_item = True
user_inter_num_interval = [0,inf)
item_inter_num_interval = [0,inf)
alias_of_user_id = None
alias_of_item_id = ['item_id_list']
alias_of_entity_id = None
alias_of_relation_id = None
preload_weight = None
normalize_field = None
normalize_all = None
ITEM_LIST_LENGTH_FIELD = item_length
LIST_SUFFIX = _list
MAX_ITEM_LIST_LENGTH = 50
POSITION_FIELD = position_id
HEAD_ENTITY_ID_FIELD = head_id
TAIL_ENTITY_ID_FIELD = tail_id
RELATION_ID_FIELD = relation_id
ENTITY_ID_FIELD = entity_id
benchmark_filename = ['train', 'valid', 'test']

Other Hyper Parameters: 
worker = 0
wandb_project = recbole
shuffle = True
require_pow = False
enable_amp = False
enable_scaler = False
transform = None
n_layers = 2
n_heads = 2
hidden_size = 30
inner_size = 256
hidden_dropout_prob = 0.5
attn_dropout_prob = 0.5
hidden_act = gelu
layer_norm_eps = 1e-12
initializer_range = 0.02
loss_type = CE
numerical_features = []
discretization = None
kg_reverse_r = False
entity_kg_num_interval = [0,inf)
relation_kg_num_interval = [0,inf)
MODEL_TYPE = ModelType.SEQUENTIAL
unisrec_transform = None
MODEL_INPUT_TYPE = InputType.POINTWISE
eval_type = EvaluatorType.RANKING
single_spec = True
local_rank = 0
device = cuda
valid_neg_sample_args = {'distribution': 'uniform', 'sample_num': 'none'}
test_neg_sample_args = {'distribution': 'uniform', 'sample_num': 'none'}


Mon 28 Oct 2024 00:56:39 INFO  Pantry
The number of users: 13102
Average actions of users: 8.691015952980688
The number of items: 4899
Average actions of items: 23.24642711310739
The number of inters: 113861
The sparsity of the dataset: 99.82260966283076%
Remain Fields: ['user_id', 'item_id_list', 'item_id', 'item_length']
Mon 28 Oct 2024 00:56:40 INFO  [Training]: train_batch_size = [2048] train_neg_sample_args: [{'distribution': 'none', 'sample_num': 'none', 'alpha': 'none', 'dynamic': False, 'candidate_num': 0}]
Mon 28 Oct 2024 00:56:40 INFO  [Evaluation]: eval_batch_size = [2048] eval_args: [{'split': {'LS': 'valid_and_test'}, 'order': 'TO', 'group_by': 'user', 'mode': {'valid': 'full', 'test': 'full'}}]
Mon 28 Oct 2024 00:56:40 INFO  SASRec(
  (item_embedding): Embedding(4899, 30, padding_idx=0)
  (position_embedding): Embedding(50, 30)
  (trm_encoder): TransformerEncoder(
    (layer): ModuleList(
      (0-1): 2 x TransformerLayer(
        (multi_head_attention): MultiHeadAttention(
          (query): Linear(in_features=30, out_features=30, bias=True)
          (key): Linear(in_features=30, out_features=30, bias=True)
          (value): Linear(in_features=30, out_features=30, bias=True)
          (softmax): Softmax(dim=-1)
          (attn_dropout): Dropout(p=0.5, inplace=False)
          (dense): Linear(in_features=30, out_features=30, bias=True)
          (LayerNorm): LayerNorm((30,), eps=1e-12, elementwise_affine=True)
          (out_dropout): Dropout(p=0.5, inplace=False)
        )
        (feed_forward): FeedForward(
          (dense_1): Linear(in_features=30, out_features=256, bias=True)
          (dense_2): Linear(in_features=256, out_features=30, bias=True)
          (LayerNorm): LayerNorm((30,), eps=1e-12, elementwise_affine=True)
          (dropout): Dropout(p=0.5, inplace=False)
        )
      )
    )
  )
  (LayerNorm): LayerNorm((30,), eps=1e-12, elementwise_affine=True)
  (dropout): Dropout(p=0.5, inplace=False)
  (loss_fct): CrossEntropyLoss()
)
Trainable parameters: 187502
Mon 28 Oct 2024 00:56:40 INFO  FLOPs: 1943830.0
Mon 28 Oct 2024 00:56:47 INFO  epoch 0 training [time: 5.96s, train loss: 360.3195]
Mon 28 Oct 2024 00:56:47 INFO  epoch 0 evaluating [time: 0.36s, valid_score: 0.012500]
Mon 28 Oct 2024 00:56:47 INFO  valid result: 
hit@10 : 0.0246    hit@50 : 0.0919    ndcg@10 : 0.0125    ndcg@50 : 0.0267
Mon 28 Oct 2024 00:56:47 INFO  Saving current: saved/SASRec-Oct-28-2024_00-56-40.pth
Mon 28 Oct 2024 00:56:53 INFO  epoch 1 training [time: 5.91s, train loss: 344.9039]
Mon 28 Oct 2024 00:56:53 INFO  epoch 1 evaluating [time: 0.35s, valid_score: 0.014000]
Mon 28 Oct 2024 00:56:53 INFO  valid result: 
hit@10 : 0.0266    hit@50 : 0.1028    ndcg@10 : 0.014    ndcg@50 : 0.0301
Mon 28 Oct 2024 00:56:53 INFO  Saving current: saved/SASRec-Oct-28-2024_00-56-40.pth
Mon 28 Oct 2024 00:56:59 INFO  epoch 2 training [time: 5.89s, train loss: 339.8444]
Mon 28 Oct 2024 00:56:59 INFO  epoch 2 evaluating [time: 0.35s, valid_score: 0.013800]
Mon 28 Oct 2024 00:56:59 INFO  valid result: 
hit@10 : 0.0275    hit@50 : 0.1026    ndcg@10 : 0.0138    ndcg@50 : 0.0298
Mon 28 Oct 2024 00:57:05 INFO  epoch 3 training [time: 5.89s, train loss: 338.9969]
Mon 28 Oct 2024 00:57:06 INFO  epoch 3 evaluating [time: 0.34s, valid_score: 0.014300]
Mon 28 Oct 2024 00:57:06 INFO  valid result: 
hit@10 : 0.0275    hit@50 : 0.1019    ndcg@10 : 0.0143    ndcg@50 : 0.0302
Mon 28 Oct 2024 00:57:06 INFO  Saving current: saved/SASRec-Oct-28-2024_00-56-40.pth
Mon 28 Oct 2024 00:57:12 INFO  epoch 4 training [time: 5.88s, train loss: 338.3555]
Mon 28 Oct 2024 00:57:12 INFO  epoch 4 evaluating [time: 0.35s, valid_score: 0.014400]
Mon 28 Oct 2024 00:57:12 INFO  valid result: 
hit@10 : 0.0279    hit@50 : 0.1019    ndcg@10 : 0.0144    ndcg@50 : 0.0302
Mon 28 Oct 2024 00:57:12 INFO  Saving current: saved/SASRec-Oct-28-2024_00-56-40.pth
Mon 28 Oct 2024 00:57:18 INFO  epoch 5 training [time: 5.89s, train loss: 337.6418]
Mon 28 Oct 2024 00:57:18 INFO  epoch 5 evaluating [time: 0.35s, valid_score: 0.014000]
Mon 28 Oct 2024 00:57:18 INFO  valid result: 
hit@10 : 0.0282    hit@50 : 0.1021    ndcg@10 : 0.014    ndcg@50 : 0.0298
Mon 28 Oct 2024 00:57:24 INFO  epoch 6 training [time: 5.89s, train loss: 336.8135]
Mon 28 Oct 2024 00:57:24 INFO  epoch 6 evaluating [time: 0.35s, valid_score: 0.014600]
Mon 28 Oct 2024 00:57:24 INFO  valid result: 
hit@10 : 0.029    hit@50 : 0.1027    ndcg@10 : 0.0146    ndcg@50 : 0.0302
Mon 28 Oct 2024 00:57:24 INFO  Saving current: saved/SASRec-Oct-28-2024_00-56-40.pth
Mon 28 Oct 2024 00:57:30 INFO  epoch 7 training [time: 5.89s, train loss: 335.8311]
Mon 28 Oct 2024 00:57:31 INFO  epoch 7 evaluating [time: 0.35s, valid_score: 0.015100]
Mon 28 Oct 2024 00:57:31 INFO  valid result: 
hit@10 : 0.0299    hit@50 : 0.1073    ndcg@10 : 0.0151    ndcg@50 : 0.0315
Mon 28 Oct 2024 00:57:31 INFO  Saving current: saved/SASRec-Oct-28-2024_00-56-40.pth
Mon 28 Oct 2024 00:57:37 INFO  epoch 8 training [time: 5.90s, train loss: 334.6976]
Mon 28 Oct 2024 00:57:37 INFO  epoch 8 evaluating [time: 0.35s, valid_score: 0.015900]
Mon 28 Oct 2024 00:57:37 INFO  valid result: 
hit@10 : 0.0316    hit@50 : 0.1112    ndcg@10 : 0.0159    ndcg@50 : 0.0328
Mon 28 Oct 2024 00:57:37 INFO  Saving current: saved/SASRec-Oct-28-2024_00-56-40.pth
Mon 28 Oct 2024 00:57:43 INFO  epoch 9 training [time: 5.90s, train loss: 333.3838]
Mon 28 Oct 2024 00:57:43 INFO  epoch 9 evaluating [time: 0.35s, valid_score: 0.016900]
Mon 28 Oct 2024 00:57:43 INFO  valid result: 
hit@10 : 0.034    hit@50 : 0.1137    ndcg@10 : 0.0169    ndcg@50 : 0.0339
Mon 28 Oct 2024 00:57:43 INFO  Saving current: saved/SASRec-Oct-28-2024_00-56-40.pth
Mon 28 Oct 2024 00:57:49 INFO  epoch 10 training [time: 5.90s, train loss: 332.0390]
Mon 28 Oct 2024 00:57:49 INFO  epoch 10 evaluating [time: 0.35s, valid_score: 0.017100]
Mon 28 Oct 2024 00:57:49 INFO  valid result: 
hit@10 : 0.0342    hit@50 : 0.1167    ndcg@10 : 0.0171    ndcg@50 : 0.0347
Mon 28 Oct 2024 00:57:49 INFO  Saving current: saved/SASRec-Oct-28-2024_00-56-40.pth
Mon 28 Oct 2024 00:57:55 INFO  epoch 11 training [time: 5.90s, train loss: 330.7087]
Mon 28 Oct 2024 00:57:56 INFO  epoch 11 evaluating [time: 0.35s, valid_score: 0.018200]
Mon 28 Oct 2024 00:57:56 INFO  valid result: 
hit@10 : 0.0373    hit@50 : 0.1202    ndcg@10 : 0.0182    ndcg@50 : 0.0358
Mon 28 Oct 2024 00:57:56 INFO  Saving current: saved/SASRec-Oct-28-2024_00-56-40.pth
Mon 28 Oct 2024 00:58:02 INFO  epoch 12 training [time: 5.91s, train loss: 329.3128]
Mon 28 Oct 2024 00:58:02 INFO  epoch 12 evaluating [time: 0.35s, valid_score: 0.018100]
Mon 28 Oct 2024 00:58:02 INFO  valid result: 
hit@10 : 0.0373    hit@50 : 0.125    ndcg@10 : 0.0181    ndcg@50 : 0.0368
Mon 28 Oct 2024 00:58:08 INFO  epoch 13 training [time: 5.91s, train loss: 328.0803]
Mon 28 Oct 2024 00:58:08 INFO  epoch 13 evaluating [time: 0.35s, valid_score: 0.018900]
Mon 28 Oct 2024 00:58:08 INFO  valid result: 
hit@10 : 0.0384    hit@50 : 0.1249    ndcg@10 : 0.0189    ndcg@50 : 0.0374
Mon 28 Oct 2024 00:58:08 INFO  Saving current: saved/SASRec-Oct-28-2024_00-56-40.pth
Mon 28 Oct 2024 00:58:14 INFO  epoch 14 training [time: 5.90s, train loss: 326.9917]
Mon 28 Oct 2024 00:58:14 INFO  epoch 14 evaluating [time: 0.34s, valid_score: 0.018800]
Mon 28 Oct 2024 00:58:14 INFO  valid result: 
hit@10 : 0.0389    hit@50 : 0.1301    ndcg@10 : 0.0188    ndcg@50 : 0.0382
Mon 28 Oct 2024 00:58:20 INFO  epoch 15 training [time: 5.90s, train loss: 325.8849]
Mon 28 Oct 2024 00:58:21 INFO  epoch 15 evaluating [time: 0.35s, valid_score: 0.018900]
Mon 28 Oct 2024 00:58:21 INFO  valid result: 
hit@10 : 0.0385    hit@50 : 0.1333    ndcg@10 : 0.0189    ndcg@50 : 0.0392
Mon 28 Oct 2024 00:58:21 INFO  Saving current: saved/SASRec-Oct-28-2024_00-56-40.pth
Mon 28 Oct 2024 00:58:27 INFO  epoch 16 training [time: 5.91s, train loss: 324.9359]
Mon 28 Oct 2024 00:58:27 INFO  epoch 16 evaluating [time: 0.35s, valid_score: 0.018900]
Mon 28 Oct 2024 00:58:27 INFO  valid result: 
hit@10 : 0.0386    hit@50 : 0.1349    ndcg@10 : 0.0189    ndcg@50 : 0.0394
Mon 28 Oct 2024 00:58:27 INFO  Saving current: saved/SASRec-Oct-28-2024_00-56-40.pth
Mon 28 Oct 2024 00:58:33 INFO  epoch 17 training [time: 5.90s, train loss: 324.0680]
Mon 28 Oct 2024 00:58:33 INFO  epoch 17 evaluating [time: 0.35s, valid_score: 0.019400]
Mon 28 Oct 2024 00:58:33 INFO  valid result: 
hit@10 : 0.0401    hit@50 : 0.1349    ndcg@10 : 0.0194    ndcg@50 : 0.0396
Mon 28 Oct 2024 00:58:33 INFO  Saving current: saved/SASRec-Oct-28-2024_00-56-40.pth
Mon 28 Oct 2024 00:58:39 INFO  epoch 18 training [time: 5.90s, train loss: 323.2389]
Mon 28 Oct 2024 00:58:39 INFO  epoch 18 evaluating [time: 0.35s, valid_score: 0.019200]
Mon 28 Oct 2024 00:58:39 INFO  valid result: 
hit@10 : 0.0399    hit@50 : 0.1352    ndcg@10 : 0.0192    ndcg@50 : 0.0396
Mon 28 Oct 2024 00:58:45 INFO  epoch 19 training [time: 5.90s, train loss: 322.4356]
Mon 28 Oct 2024 00:58:46 INFO  epoch 19 evaluating [time: 0.35s, valid_score: 0.020000]
Mon 28 Oct 2024 00:58:46 INFO  valid result: 
hit@10 : 0.042    hit@50 : 0.1358    ndcg@10 : 0.02    ndcg@50 : 0.04
Mon 28 Oct 2024 00:58:46 INFO  Saving current: saved/SASRec-Oct-28-2024_00-56-40.pth
Mon 28 Oct 2024 00:58:52 INFO  epoch 20 training [time: 5.91s, train loss: 321.6902]
Mon 28 Oct 2024 00:58:52 INFO  epoch 20 evaluating [time: 0.35s, valid_score: 0.020200]
Mon 28 Oct 2024 00:58:52 INFO  valid result: 
hit@10 : 0.0419    hit@50 : 0.1363    ndcg@10 : 0.0202    ndcg@50 : 0.0404
Mon 28 Oct 2024 00:58:52 INFO  Saving current: saved/SASRec-Oct-28-2024_00-56-40.pth
Mon 28 Oct 2024 00:58:58 INFO  epoch 21 training [time: 5.91s, train loss: 320.9531]
Mon 28 Oct 2024 00:58:58 INFO  epoch 21 evaluating [time: 0.35s, valid_score: 0.020500]
Mon 28 Oct 2024 00:58:58 INFO  valid result: 
hit@10 : 0.042    hit@50 : 0.1339    ndcg@10 : 0.0205    ndcg@50 : 0.0403
Mon 28 Oct 2024 00:58:58 INFO  Saving current: saved/SASRec-Oct-28-2024_00-56-40.pth
Mon 28 Oct 2024 00:59:04 INFO  epoch 22 training [time: 5.90s, train loss: 320.3450]
Mon 28 Oct 2024 00:59:05 INFO  epoch 22 evaluating [time: 0.35s, valid_score: 0.020700]
Mon 28 Oct 2024 00:59:05 INFO  valid result: 
hit@10 : 0.0428    hit@50 : 0.1369    ndcg@10 : 0.0207    ndcg@50 : 0.0408
Mon 28 Oct 2024 00:59:05 INFO  Saving current: saved/SASRec-Oct-28-2024_00-56-40.pth
Mon 28 Oct 2024 00:59:10 INFO  epoch 23 training [time: 5.91s, train loss: 319.7309]
Mon 28 Oct 2024 00:59:11 INFO  epoch 23 evaluating [time: 0.35s, valid_score: 0.021300]
Mon 28 Oct 2024 00:59:11 INFO  valid result: 
hit@10 : 0.0439    hit@50 : 0.1383    ndcg@10 : 0.0213    ndcg@50 : 0.0415
Mon 28 Oct 2024 00:59:11 INFO  Saving current: saved/SASRec-Oct-28-2024_00-56-40.pth
Mon 28 Oct 2024 00:59:17 INFO  epoch 24 training [time: 5.90s, train loss: 319.1469]
Mon 28 Oct 2024 00:59:17 INFO  epoch 24 evaluating [time: 0.35s, valid_score: 0.021000]
Mon 28 Oct 2024 00:59:17 INFO  valid result: 
hit@10 : 0.0435    hit@50 : 0.1373    ndcg@10 : 0.021    ndcg@50 : 0.0412
Mon 28 Oct 2024 00:59:23 INFO  epoch 25 training [time: 5.90s, train loss: 318.5048]
Mon 28 Oct 2024 00:59:23 INFO  epoch 25 evaluating [time: 0.35s, valid_score: 0.021200]
Mon 28 Oct 2024 00:59:23 INFO  valid result: 
hit@10 : 0.044    hit@50 : 0.1379    ndcg@10 : 0.0212    ndcg@50 : 0.0413
Mon 28 Oct 2024 00:59:29 INFO  epoch 26 training [time: 5.90s, train loss: 318.1298]
Mon 28 Oct 2024 00:59:30 INFO  epoch 26 evaluating [time: 0.35s, valid_score: 0.021400]
Mon 28 Oct 2024 00:59:30 INFO  valid result: 
hit@10 : 0.0443    hit@50 : 0.1385    ndcg@10 : 0.0214    ndcg@50 : 0.0416
Mon 28 Oct 2024 00:59:30 INFO  Saving current: saved/SASRec-Oct-28-2024_00-56-40.pth
Mon 28 Oct 2024 00:59:35 INFO  epoch 27 training [time: 5.90s, train loss: 317.5229]
Mon 28 Oct 2024 00:59:36 INFO  epoch 27 evaluating [time: 0.35s, valid_score: 0.021500]
Mon 28 Oct 2024 00:59:36 INFO  valid result: 
hit@10 : 0.0447    hit@50 : 0.1369    ndcg@10 : 0.0215    ndcg@50 : 0.0413
Mon 28 Oct 2024 00:59:36 INFO  Saving current: saved/SASRec-Oct-28-2024_00-56-40.pth
Mon 28 Oct 2024 00:59:42 INFO  epoch 28 training [time: 5.90s, train loss: 317.0415]
Mon 28 Oct 2024 00:59:42 INFO  epoch 28 evaluating [time: 0.35s, valid_score: 0.021900]
Mon 28 Oct 2024 00:59:42 INFO  valid result: 
hit@10 : 0.0456    hit@50 : 0.1393    ndcg@10 : 0.0219    ndcg@50 : 0.0421
Mon 28 Oct 2024 00:59:42 INFO  Saving current: saved/SASRec-Oct-28-2024_00-56-40.pth
Mon 28 Oct 2024 00:59:48 INFO  epoch 29 training [time: 5.90s, train loss: 316.6282]
Mon 28 Oct 2024 00:59:48 INFO  epoch 29 evaluating [time: 0.35s, valid_score: 0.022200]
Mon 28 Oct 2024 00:59:48 INFO  valid result: 
hit@10 : 0.0462    hit@50 : 0.1386    ndcg@10 : 0.0222    ndcg@50 : 0.0421
Mon 28 Oct 2024 00:59:48 INFO  Saving current: saved/SASRec-Oct-28-2024_00-56-40.pth
Mon 28 Oct 2024 00:59:54 INFO  epoch 30 training [time: 5.90s, train loss: 316.1453]
Mon 28 Oct 2024 00:59:55 INFO  epoch 30 evaluating [time: 0.35s, valid_score: 0.022200]
Mon 28 Oct 2024 00:59:55 INFO  valid result: 
hit@10 : 0.0466    hit@50 : 0.1376    ndcg@10 : 0.0222    ndcg@50 : 0.0418
Mon 28 Oct 2024 00:59:55 INFO  Saving current: saved/SASRec-Oct-28-2024_00-56-40.pth
Mon 28 Oct 2024 01:00:01 INFO  epoch 31 training [time: 5.92s, train loss: 315.7722]
Mon 28 Oct 2024 01:00:01 INFO  epoch 31 evaluating [time: 0.35s, valid_score: 0.022500]
Mon 28 Oct 2024 01:00:01 INFO  valid result: 
hit@10 : 0.0471    hit@50 : 0.1386    ndcg@10 : 0.0225    ndcg@50 : 0.0421
Mon 28 Oct 2024 01:00:01 INFO  Saving current: saved/SASRec-Oct-28-2024_00-56-40.pth
Mon 28 Oct 2024 01:00:07 INFO  epoch 32 training [time: 5.90s, train loss: 315.3459]
Mon 28 Oct 2024 01:00:07 INFO  epoch 32 evaluating [time: 0.34s, valid_score: 0.022000]
Mon 28 Oct 2024 01:00:07 INFO  valid result: 
hit@10 : 0.0458    hit@50 : 0.1385    ndcg@10 : 0.022    ndcg@50 : 0.0419
Mon 28 Oct 2024 01:00:13 INFO  epoch 33 training [time: 5.95s, train loss: 315.1177]
Mon 28 Oct 2024 01:00:13 INFO  epoch 33 evaluating [time: 0.36s, valid_score: 0.022300]
Mon 28 Oct 2024 01:00:13 INFO  valid result: 
hit@10 : 0.0462    hit@50 : 0.1403    ndcg@10 : 0.0223    ndcg@50 : 0.0425
Mon 28 Oct 2024 01:00:19 INFO  epoch 34 training [time: 5.94s, train loss: 314.9092]
Mon 28 Oct 2024 01:00:20 INFO  epoch 34 evaluating [time: 0.35s, valid_score: 0.022600]
Mon 28 Oct 2024 01:00:20 INFO  valid result: 
hit@10 : 0.047    hit@50 : 0.1405    ndcg@10 : 0.0226    ndcg@50 : 0.0426
Mon 28 Oct 2024 01:00:20 INFO  Saving current: saved/SASRec-Oct-28-2024_00-56-40.pth
Mon 28 Oct 2024 01:00:26 INFO  epoch 35 training [time: 5.95s, train loss: 314.4279]
Mon 28 Oct 2024 01:00:26 INFO  epoch 35 evaluating [time: 0.35s, valid_score: 0.023000]
Mon 28 Oct 2024 01:00:26 INFO  valid result: 
hit@10 : 0.0479    hit@50 : 0.1412    ndcg@10 : 0.023    ndcg@50 : 0.0429
Mon 28 Oct 2024 01:00:26 INFO  Saving current: saved/SASRec-Oct-28-2024_00-56-40.pth
Mon 28 Oct 2024 01:00:32 INFO  epoch 36 training [time: 5.95s, train loss: 314.1711]
Mon 28 Oct 2024 01:00:32 INFO  epoch 36 evaluating [time: 0.35s, valid_score: 0.023100]
Mon 28 Oct 2024 01:00:32 INFO  valid result: 
hit@10 : 0.0483    hit@50 : 0.1392    ndcg@10 : 0.0231    ndcg@50 : 0.0425
Mon 28 Oct 2024 01:00:32 INFO  Saving current: saved/SASRec-Oct-28-2024_00-56-40.pth
Mon 28 Oct 2024 01:00:38 INFO  epoch 37 training [time: 5.91s, train loss: 313.7886]
Mon 28 Oct 2024 01:00:39 INFO  epoch 37 evaluating [time: 0.35s, valid_score: 0.023200]
Mon 28 Oct 2024 01:00:39 INFO  valid result: 
hit@10 : 0.0485    hit@50 : 0.139    ndcg@10 : 0.0232    ndcg@50 : 0.0426
Mon 28 Oct 2024 01:00:39 INFO  Saving current: saved/SASRec-Oct-28-2024_00-56-40.pth
Mon 28 Oct 2024 01:00:45 INFO  epoch 38 training [time: 5.96s, train loss: 313.5866]
Mon 28 Oct 2024 01:00:45 INFO  epoch 38 evaluating [time: 0.35s, valid_score: 0.023700]
Mon 28 Oct 2024 01:00:45 INFO  valid result: 
hit@10 : 0.0496    hit@50 : 0.1405    ndcg@10 : 0.0237    ndcg@50 : 0.0431
Mon 28 Oct 2024 01:00:45 INFO  Saving current: saved/SASRec-Oct-28-2024_00-56-40.pth
Mon 28 Oct 2024 01:00:51 INFO  epoch 39 training [time: 5.98s, train loss: 313.5873]
Mon 28 Oct 2024 01:00:51 INFO  epoch 39 evaluating [time: 0.35s, valid_score: 0.023100]
Mon 28 Oct 2024 01:00:51 INFO  valid result: 
hit@10 : 0.0484    hit@50 : 0.1404    ndcg@10 : 0.0231    ndcg@50 : 0.0428
Mon 28 Oct 2024 01:00:57 INFO  epoch 40 training [time: 6.00s, train loss: 313.1363]
Mon 28 Oct 2024 01:00:58 INFO  epoch 40 evaluating [time: 0.36s, valid_score: 0.023000]
Mon 28 Oct 2024 01:00:58 INFO  valid result: 
hit@10 : 0.0482    hit@50 : 0.1406    ndcg@10 : 0.023    ndcg@50 : 0.0428
Mon 28 Oct 2024 01:01:04 INFO  epoch 41 training [time: 5.98s, train loss: 312.9293]
Mon 28 Oct 2024 01:01:04 INFO  epoch 41 evaluating [time: 0.35s, valid_score: 0.023200]
Mon 28 Oct 2024 01:01:04 INFO  valid result: 
hit@10 : 0.0489    hit@50 : 0.1421    ndcg@10 : 0.0232    ndcg@50 : 0.0432
Mon 28 Oct 2024 01:01:10 INFO  epoch 42 training [time: 5.95s, train loss: 312.5666]
Mon 28 Oct 2024 01:01:10 INFO  epoch 42 evaluating [time: 0.35s, valid_score: 0.023600]
Mon 28 Oct 2024 01:01:10 INFO  valid result: 
hit@10 : 0.0498    hit@50 : 0.1395    ndcg@10 : 0.0236    ndcg@50 : 0.0428
Mon 28 Oct 2024 01:01:16 INFO  epoch 43 training [time: 5.97s, train loss: 312.6993]
Mon 28 Oct 2024 01:01:17 INFO  epoch 43 evaluating [time: 0.35s, valid_score: 0.023700]
Mon 28 Oct 2024 01:01:17 INFO  valid result: 
hit@10 : 0.0499    hit@50 : 0.1422    ndcg@10 : 0.0237    ndcg@50 : 0.0435
Mon 28 Oct 2024 01:01:17 INFO  Saving current: saved/SASRec-Oct-28-2024_00-56-40.pth
Mon 28 Oct 2024 01:01:23 INFO  epoch 44 training [time: 5.92s, train loss: 312.1682]
Mon 28 Oct 2024 01:01:23 INFO  epoch 44 evaluating [time: 0.35s, valid_score: 0.024000]
Mon 28 Oct 2024 01:01:23 INFO  valid result: 
hit@10 : 0.0501    hit@50 : 0.1417    ndcg@10 : 0.024    ndcg@50 : 0.0436
Mon 28 Oct 2024 01:01:23 INFO  Saving current: saved/SASRec-Oct-28-2024_00-56-40.pth
Mon 28 Oct 2024 01:01:29 INFO  epoch 45 training [time: 5.93s, train loss: 312.0327]
Mon 28 Oct 2024 01:01:29 INFO  epoch 45 evaluating [time: 0.35s, valid_score: 0.023500]
Mon 28 Oct 2024 01:01:29 INFO  valid result: 
hit@10 : 0.0493    hit@50 : 0.1394    ndcg@10 : 0.0235    ndcg@50 : 0.0428
Mon 28 Oct 2024 01:01:35 INFO  epoch 46 training [time: 5.92s, train loss: 311.8291]
Mon 28 Oct 2024 01:01:35 INFO  epoch 46 evaluating [time: 0.35s, valid_score: 0.023600]
Mon 28 Oct 2024 01:01:35 INFO  valid result: 
hit@10 : 0.0497    hit@50 : 0.1415    ndcg@10 : 0.0236    ndcg@50 : 0.0433
Mon 28 Oct 2024 01:01:41 INFO  epoch 47 training [time: 5.92s, train loss: 311.7155]
Mon 28 Oct 2024 01:01:42 INFO  epoch 47 evaluating [time: 0.35s, valid_score: 0.023500]
Mon 28 Oct 2024 01:01:42 INFO  valid result: 
hit@10 : 0.0498    hit@50 : 0.1405    ndcg@10 : 0.0235    ndcg@50 : 0.043
Mon 28 Oct 2024 01:01:48 INFO  epoch 48 training [time: 5.94s, train loss: 311.2192]
Mon 28 Oct 2024 01:01:48 INFO  epoch 48 evaluating [time: 0.35s, valid_score: 0.023700]
Mon 28 Oct 2024 01:01:48 INFO  valid result: 
hit@10 : 0.0505    hit@50 : 0.1412    ndcg@10 : 0.0237    ndcg@50 : 0.0431
Mon 28 Oct 2024 01:01:54 INFO  epoch 49 training [time: 5.95s, train loss: 311.2977]
Mon 28 Oct 2024 01:01:54 INFO  epoch 49 evaluating [time: 0.35s, valid_score: 0.024100]
Mon 28 Oct 2024 01:01:54 INFO  valid result: 
hit@10 : 0.0508    hit@50 : 0.1419    ndcg@10 : 0.0241    ndcg@50 : 0.0437
Mon 28 Oct 2024 01:01:54 INFO  Saving current: saved/SASRec-Oct-28-2024_00-56-40.pth
Mon 28 Oct 2024 01:02:00 INFO  epoch 50 training [time: 5.95s, train loss: 310.9410]
Mon 28 Oct 2024 01:02:01 INFO  epoch 50 evaluating [time: 0.35s, valid_score: 0.024000]
Mon 28 Oct 2024 01:02:01 INFO  valid result: 
hit@10 : 0.051    hit@50 : 0.1419    ndcg@10 : 0.024    ndcg@50 : 0.0435
Mon 28 Oct 2024 01:02:07 INFO  epoch 51 training [time: 5.95s, train loss: 311.0873]
Mon 28 Oct 2024 01:02:07 INFO  epoch 51 evaluating [time: 0.35s, valid_score: 0.024000]
Mon 28 Oct 2024 01:02:07 INFO  valid result: 
hit@10 : 0.0511    hit@50 : 0.142    ndcg@10 : 0.024    ndcg@50 : 0.0435
Mon 28 Oct 2024 01:02:13 INFO  epoch 52 training [time: 5.93s, train loss: 310.7702]
Mon 28 Oct 2024 01:02:13 INFO  epoch 52 evaluating [time: 0.35s, valid_score: 0.023800]
Mon 28 Oct 2024 01:02:13 INFO  valid result: 
hit@10 : 0.0511    hit@50 : 0.1421    ndcg@10 : 0.0238    ndcg@50 : 0.0433
Mon 28 Oct 2024 01:02:19 INFO  epoch 53 training [time: 5.92s, train loss: 310.6019]
Mon 28 Oct 2024 01:02:19 INFO  epoch 53 evaluating [time: 0.35s, valid_score: 0.024300]
Mon 28 Oct 2024 01:02:19 INFO  valid result: 
hit@10 : 0.0521    hit@50 : 0.1424    ndcg@10 : 0.0243    ndcg@50 : 0.0436
Mon 28 Oct 2024 01:02:19 INFO  Saving current: saved/SASRec-Oct-28-2024_00-56-40.pth
Mon 28 Oct 2024 01:02:25 INFO  epoch 54 training [time: 5.94s, train loss: 310.6590]
Mon 28 Oct 2024 01:02:26 INFO  epoch 54 evaluating [time: 0.35s, valid_score: 0.023900]
Mon 28 Oct 2024 01:02:26 INFO  valid result: 
hit@10 : 0.0514    hit@50 : 0.1408    ndcg@10 : 0.0239    ndcg@50 : 0.043
Mon 28 Oct 2024 01:02:32 INFO  epoch 55 training [time: 5.93s, train loss: 310.5518]
Mon 28 Oct 2024 01:02:32 INFO  epoch 55 evaluating [time: 0.35s, valid_score: 0.024200]
Mon 28 Oct 2024 01:02:32 INFO  valid result: 
hit@10 : 0.0522    hit@50 : 0.143    ndcg@10 : 0.0242    ndcg@50 : 0.0436
Mon 28 Oct 2024 01:02:38 INFO  epoch 56 training [time: 5.98s, train loss: 310.2109]
Mon 28 Oct 2024 01:02:38 INFO  epoch 56 evaluating [time: 0.35s, valid_score: 0.023800]
Mon 28 Oct 2024 01:02:38 INFO  valid result: 
hit@10 : 0.0508    hit@50 : 0.1414    ndcg@10 : 0.0238    ndcg@50 : 0.0432
Mon 28 Oct 2024 01:02:44 INFO  epoch 57 training [time: 5.97s, train loss: 310.2971]
Mon 28 Oct 2024 01:02:45 INFO  epoch 57 evaluating [time: 0.35s, valid_score: 0.024000]
Mon 28 Oct 2024 01:02:45 INFO  valid result: 
hit@10 : 0.0514    hit@50 : 0.1418    ndcg@10 : 0.024    ndcg@50 : 0.0434
Mon 28 Oct 2024 01:02:51 INFO  epoch 58 training [time: 5.96s, train loss: 309.9726]
Mon 28 Oct 2024 01:02:51 INFO  epoch 58 evaluating [time: 0.35s, valid_score: 0.024300]
Mon 28 Oct 2024 01:02:51 INFO  valid result: 
hit@10 : 0.052    hit@50 : 0.1453    ndcg@10 : 0.0243    ndcg@50 : 0.0442
Mon 28 Oct 2024 01:02:51 INFO  Saving current: saved/SASRec-Oct-28-2024_00-56-40.pth
Mon 28 Oct 2024 01:02:57 INFO  epoch 59 training [time: 5.92s, train loss: 310.2015]
Mon 28 Oct 2024 01:02:57 INFO  epoch 59 evaluating [time: 0.35s, valid_score: 0.024100]
Mon 28 Oct 2024 01:02:57 INFO  valid result: 
hit@10 : 0.052    hit@50 : 0.1437    ndcg@10 : 0.0241    ndcg@50 : 0.0437
Mon 28 Oct 2024 01:03:03 INFO  epoch 60 training [time: 5.96s, train loss: 309.7047]
Mon 28 Oct 2024 01:03:04 INFO  epoch 60 evaluating [time: 0.35s, valid_score: 0.024400]
Mon 28 Oct 2024 01:03:04 INFO  valid result: 
hit@10 : 0.0525    hit@50 : 0.1443    ndcg@10 : 0.0244    ndcg@50 : 0.044
Mon 28 Oct 2024 01:03:04 INFO  Saving current: saved/SASRec-Oct-28-2024_00-56-40.pth
Mon 28 Oct 2024 01:03:10 INFO  epoch 61 training [time: 5.98s, train loss: 309.7366]
Mon 28 Oct 2024 01:03:10 INFO  epoch 61 evaluating [time: 0.34s, valid_score: 0.024400]
Mon 28 Oct 2024 01:03:10 INFO  valid result: 
hit@10 : 0.0519    hit@50 : 0.1439    ndcg@10 : 0.0244    ndcg@50 : 0.044
Mon 28 Oct 2024 01:03:10 INFO  Saving current: saved/SASRec-Oct-28-2024_00-56-40.pth
Mon 28 Oct 2024 01:03:17 INFO  epoch 62 training [time: 6.78s, train loss: 309.4920]
Mon 28 Oct 2024 01:03:17 INFO  epoch 62 evaluating [time: 0.35s, valid_score: 0.024300]
Mon 28 Oct 2024 01:03:17 INFO  valid result: 
hit@10 : 0.0523    hit@50 : 0.1442    ndcg@10 : 0.0243    ndcg@50 : 0.0439
Mon 28 Oct 2024 01:03:23 INFO  epoch 63 training [time: 6.01s, train loss: 309.5225]
Mon 28 Oct 2024 01:03:23 INFO  epoch 63 evaluating [time: 0.36s, valid_score: 0.024200]
Mon 28 Oct 2024 01:03:23 INFO  valid result: 
hit@10 : 0.0525    hit@50 : 0.1447    ndcg@10 : 0.0242    ndcg@50 : 0.0438
Mon 28 Oct 2024 01:03:29 INFO  epoch 64 training [time: 6.01s, train loss: 309.6316]
Mon 28 Oct 2024 01:03:30 INFO  epoch 64 evaluating [time: 0.35s, valid_score: 0.024100]
Mon 28 Oct 2024 01:03:30 INFO  valid result: 
hit@10 : 0.052    hit@50 : 0.1433    ndcg@10 : 0.0241    ndcg@50 : 0.0437
Mon 28 Oct 2024 01:03:36 INFO  epoch 65 training [time: 5.92s, train loss: 309.3030]
Mon 28 Oct 2024 01:03:36 INFO  epoch 65 evaluating [time: 0.35s, valid_score: 0.024100]
Mon 28 Oct 2024 01:03:36 INFO  valid result: 
hit@10 : 0.0524    hit@50 : 0.1446    ndcg@10 : 0.0241    ndcg@50 : 0.0439
Mon 28 Oct 2024 01:03:42 INFO  epoch 66 training [time: 5.96s, train loss: 309.3995]
Mon 28 Oct 2024 01:03:42 INFO  epoch 66 evaluating [time: 0.35s, valid_score: 0.024300]
Mon 28 Oct 2024 01:03:42 INFO  valid result: 
hit@10 : 0.0521    hit@50 : 0.1443    ndcg@10 : 0.0243    ndcg@50 : 0.0441
Mon 28 Oct 2024 01:03:48 INFO  epoch 67 training [time: 5.99s, train loss: 309.1832]
Mon 28 Oct 2024 01:03:49 INFO  epoch 67 evaluating [time: 0.35s, valid_score: 0.023900]
Mon 28 Oct 2024 01:03:49 INFO  valid result: 
hit@10 : 0.0518    hit@50 : 0.1432    ndcg@10 : 0.0239    ndcg@50 : 0.0434
Mon 28 Oct 2024 01:03:55 INFO  epoch 68 training [time: 5.96s, train loss: 309.2703]
Mon 28 Oct 2024 01:03:55 INFO  epoch 68 evaluating [time: 0.36s, valid_score: 0.024000]
Mon 28 Oct 2024 01:03:55 INFO  valid result: 
hit@10 : 0.0521    hit@50 : 0.1446    ndcg@10 : 0.024    ndcg@50 : 0.0438
Mon 28 Oct 2024 01:04:01 INFO  epoch 69 training [time: 5.97s, train loss: 308.9339]
Mon 28 Oct 2024 01:04:01 INFO  epoch 69 evaluating [time: 0.35s, valid_score: 0.023900]
Mon 28 Oct 2024 01:04:01 INFO  valid result: 
hit@10 : 0.0526    hit@50 : 0.1428    ndcg@10 : 0.0239    ndcg@50 : 0.0432
Mon 28 Oct 2024 01:04:07 INFO  epoch 70 training [time: 5.96s, train loss: 308.9037]
Mon 28 Oct 2024 01:04:08 INFO  epoch 70 evaluating [time: 0.35s, valid_score: 0.023900]
Mon 28 Oct 2024 01:04:08 INFO  valid result: 
hit@10 : 0.0521    hit@50 : 0.1452    ndcg@10 : 0.0239    ndcg@50 : 0.0438
Mon 28 Oct 2024 01:04:14 INFO  epoch 71 training [time: 5.95s, train loss: 308.8105]
Mon 28 Oct 2024 01:04:14 INFO  epoch 71 evaluating [time: 0.35s, valid_score: 0.024300]
Mon 28 Oct 2024 01:04:14 INFO  valid result: 
hit@10 : 0.0534    hit@50 : 0.1453    ndcg@10 : 0.0243    ndcg@50 : 0.0439
Mon 28 Oct 2024 01:04:20 INFO  epoch 72 training [time: 5.97s, train loss: 308.7993]
Mon 28 Oct 2024 01:04:20 INFO  epoch 72 evaluating [time: 0.35s, valid_score: 0.023800]
Mon 28 Oct 2024 01:04:20 INFO  valid result: 
hit@10 : 0.0515    hit@50 : 0.145    ndcg@10 : 0.0238    ndcg@50 : 0.0438
Mon 28 Oct 2024 01:04:20 INFO  Finished training, best eval result in epoch 61
Mon 28 Oct 2024 01:04:20 INFO  Loading model structure and parameters from saved/SASRec-Oct-28-2024_00-56-40.pth
Mon 28 Oct 2024 01:04:22 INFO  The running environment of this training is as follows:
+-------------+----------------+
| Environment |     Usage      |
+=============+================+
| CPU         |     2.20 %     |
+-------------+----------------+
| GPU         | 1.80 G/5.67 G  |
+-------------+----------------+
| Memory      | 1.29 G/30.57 G |
+-------------+----------------+
Mon 28 Oct 2024 01:04:22 INFO  best valid : OrderedDict({'hit@10': 0.0519, 'hit@50': 0.1439, 'ndcg@10': 0.0244, 'ndcg@50': 0.044})
Mon 28 Oct 2024 01:04:22 INFO  test result: OrderedDict({'hit@10': 0.0501, 'hit@50': 0.1389, 'ndcg@10': 0.0233, 'ndcg@50': 0.0423})
